#
# There is insufficient memory for the Java Runtime Environment to continue.
# Native memory allocation (malloc) failed to allocate 1048576 bytes for AllocateHeap
# Possible reasons:
#   The system is out of physical RAM or swap space
#   The process is running with CompressedOops enabled, and the Java Heap may be blocking the growth of the native heap
# Possible solutions:
#   Reduce memory load on the system
#   Increase physical memory or swap space
#   Check if swap backing store is full
#   Decrease Java heap size (-Xmx/-Xms)
#   Decrease number of Java threads
#   Decrease Java thread stack sizes (-Xss)
#   Set larger code cache with -XX:ReservedCodeCacheSize=
#   JVM is running with Zero Based Compressed Oops mode in which the Java heap is
#     placed in the first 32GB address space. The Java Heap base address is the
#     maximum limit for the native heap growth. Please use -XX:HeapBaseMinAddress
#     to set the Java Heap base and to place the Java Heap above 32GB virtual address.
# This output file may be truncated or incomplete.
#
#  Out of Memory Error (./src/hotspot/share/memory/allocation.cpp:46), pid=13664, tid=13596
#
# JRE version: OpenJDK Runtime Environment Zulu11.50+19-CA (11.0.12+7) (build 11.0.12+7-LTS)
# Java VM: OpenJDK 64-Bit Server VM Zulu11.50+19-CA (11.0.12+7-LTS, mixed mode, tiered, compressed oops, g1 gc, windows-amd64)
# No core dump will be written. Minidumps are not enabled by default on client versions of Windows
#

---------------  S U M M A R Y ------------

Command Line: -Xverify:none -XX:TieredStopAtLevel=1 -Dfile.encoding=windows-1252 -Duser.country=US -Duser.language=en -Duser.variant com.hyphenated.scotus.ScotusTrackerApplicationKt

Host: Intel(R) Core(TM) i7-4790 CPU @ 3.60GHz, 8 cores, 15G,  Windows 10 , 64 bit Build 19041 (10.0.19041.1202)
Time: Fri Oct  8 15:30:37 2021 Eastern Daylight Time elapsed time: 8.297108 seconds (0d 0h 0m 8s)

---------------  T H R E A D  ---------------

Current thread (0x000002dbec56f000):  VMThread "VM Thread" [stack: 0x000000fffdf00000,0x000000fffe000000] [id=13596]

Stack: [0x000000fffdf00000,0x000000fffe000000]
[error occurred during error reporting (printing stack bounds), id 0xc0000005, EXCEPTION_ACCESS_VIOLATION (0xc0000005) at pc=0x000002dbd0fc112d]

Native frames: (J=compiled Java code, j=interpreted, Vv=VM code, C=native code)
V  [jvm.dll+0x6083fa]
V  [jvm.dll+0x79200e]
V  [jvm.dll+0x7936df]
V  [jvm.dll+0x793d05]
V  [jvm.dll+0x793cbb]
V  [jvm.dll+0x6078e3]
V  [jvm.dll+0x607ff8]
C  [ntdll.dll+0xa20cf]
C  [ntdll.dll+0x51454]
C  [ntdll.dll+0xa0bfe]
C  0x000002dbd0fc112d

VM_Operation (0x000000fffeffc870): CollectForMetadataAllocation, mode: safepoint, requested by thread 0x000002dbedcab800


---------------  P R O C E S S  ---------------

Threads class SMR info:
_java_thread_list=0x000002dbed8319a0, length=12, elements={
0x000002dbc85da000, 0x000002dbece24000, 0x000002dbece25000, 0x000002dbec579800,
0x000002dbec57b800, 0x000002dbec57c800, 0x000002dbec57d800, 0x000002dbece89800,
0x000002dbed06d000, 0x000002dbedc9a800, 0x000002dbedcab800, 0x000002dbecee0800
}

Java Threads: ( => current thread )
  0x000002dbc85da000 JavaThread "main" [_thread_blocked, id=1344, stack(0x000000fffd900000,0x000000fffda00000)]
  0x000002dbece24000 JavaThread "Reference Handler" daemon [_thread_blocked, id=13608, stack(0x000000fffe000000,0x000000fffe100000)]
  0x000002dbece25000 JavaThread "Finalizer" daemon [_thread_blocked, id=14420, stack(0x000000fffe100000,0x000000fffe200000)]
  0x000002dbec579800 JavaThread "Signal Dispatcher" daemon [_thread_blocked, id=3520, stack(0x000000fffe200000,0x000000fffe300000)]
  0x000002dbec57b800 JavaThread "Attach Listener" daemon [_thread_blocked, id=9616, stack(0x000000fffe300000,0x000000fffe400000)]
  0x000002dbec57c800 JavaThread "Service Thread" daemon [_thread_blocked, id=6424, stack(0x000000fffe400000,0x000000fffe500000)]
  0x000002dbec57d800 JavaThread "C1 CompilerThread0" daemon [_thread_blocked, id=14860, stack(0x000000fffe500000,0x000000fffe600000)]
  0x000002dbece89800 JavaThread "Sweeper thread" daemon [_thread_blocked, id=15896, stack(0x000000fffe600000,0x000000fffe700000)]
  0x000002dbed06d000 JavaThread "Common-Cleaner" daemon [_thread_blocked, id=13968, stack(0x000000fffe800000,0x000000fffe900000)]
  0x000002dbedc9a800 JavaThread "Thread-0" [_thread_blocked, id=9576, stack(0x000000fffee00000,0x000000fffef00000)]
  0x000002dbedcab800 JavaThread "restartedMain" [_thread_blocked, id=11580, stack(0x000000fffef00000,0x000000ffff000000)]
  0x000002dbecee0800 JavaThread "background-preinit" [_thread_blocked, id=7392, stack(0x000000ffff000000,0x000000ffff100000)]

Other Threads:
=>0x000002dbec56f000 VMThread "VM Thread" [stack: 0x000000fffdf00000,0x000000fffe000000] [id=13596]
  0x000002dbed061800 WatcherThread [stack: 0x000000fffe700000,0x000000fffe800000] [id=84]
  0x000002dbc85f1800 GCTaskThread "GC Thread#0" [stack: 0x000000fffda00000,0x000000fffdb00000] [id=6360]
  0x000002dbedc2e800 GCTaskThread "GC Thread#1" [stack: 0x000000fffe900000,0x000000fffea00000] [id=12488]
  0x000002dbedc4e800 GCTaskThread "GC Thread#2" [stack: 0x000000fffea00000,0x000000fffeb00000] [id=8920]
  0x000002dbedc1f800 GCTaskThread "GC Thread#3" [stack: 0x000000fffeb00000,0x000000fffec00000] [id=13268]
  0x000002dbedc55000 GCTaskThread "GC Thread#4" [stack: 0x000000fffec00000,0x000000fffed00000] [id=14328]
  0x000002dbedc58000 GCTaskThread "GC Thread#5" [stack: 0x000000fffed00000,0x000000fffee00000] [id=14264]
  0x000002dbedd3d000 GCTaskThread "GC Thread#6" [stack: 0x000000ffff100000,0x000000ffff200000] [id=12556]
  0x000002dbeddd9000 GCTaskThread "GC Thread#7" [stack: 0x000000ffff200000,0x000000ffff300000] [id=9792]
  0x000002dbc8654000 ConcurrentGCThread "G1 Main Marker" [stack: 0x000000fffdb00000,0x000000fffdc00000] [id=1876]
  0x000002dbc8655000 ConcurrentGCThread "G1 Conc#0" [stack: 0x000000fffdc00000,0x000000fffdd00000] [id=8]
  0x000002dbede26800 ConcurrentGCThread "G1 Conc#1" [stack: 0x000000ffff300000,0x000000ffff400000] [id=10044]
  0x000002dbec458800 ConcurrentGCThread "G1 Refine#0" [stack: 0x000000fffdd00000,0x000000fffde00000] [id=10188]
  0x000002dbec459000 ConcurrentGCThread "G1 Young RemSet Sampling" [stack: 0x000000fffde00000,0x000000fffdf00000] [id=12840]

Threads with active compile tasks:

VM state:at safepoint (normal execution)

VM Mutex/Monitor currently owned by a thread:  ([mutex/lock_event])
[0x000002dbc85d9710] Threads_lock - owner thread: 0x000002dbec56f000
[0x000002dbc85d9320] Heap_lock - owner thread: 0x000002dbedcab800

Heap address: 0x0000000702200000, size: 4062 MB, Compressed Oops mode: Zero based, Oop shift amount: 3
Narrow klass base: 0x0000000800000000, Narrow klass shift: 0
Compressed class space size: 1073741824 Address: 0x0000000800000000

Heap:
 garbage-first heap   total 260096K, used 12183K [0x0000000702200000, 0x0000000800000000)
  region size 1024K, 6 young (6144K), 6 survivors (6144K)
 Metaspace       used 17883K, capacity 18334K, committed 18432K, reserved 1079296K
  class space    used 2018K, capacity 2209K, committed 2304K, reserved 1048576K
Heap Regions: E=young(eden), S=young(survivor), O=old, HS=humongous(starts), HC=humongous(continues), CS=collection set, F=free, A=archive, TAMS=top-at-mark-start (previous, next)
|   0|0x0000000702200000, 0x0000000702300000, 0x0000000702300000|100%|HS|  |TAMS 0x0000000702200000, 0x0000000702300000| Complete 
|   1|0x0000000702300000, 0x0000000702400000, 0x0000000702400000|100%|HS|  |TAMS 0x0000000702300000, 0x0000000702400000| Complete 
|   2|0x0000000702400000, 0x0000000702500000, 0x0000000702500000|100%| O|  |TAMS 0x0000000702400000, 0x0000000702500000| Untracked 
|   3|0x0000000702500000, 0x0000000702600000, 0x0000000702600000|100%| O|  |TAMS 0x0000000702500000, 0x0000000702600000| Untracked 
|   4|0x0000000702600000, 0x0000000702700000, 0x0000000702700000|100%| O|  |TAMS 0x0000000702600000, 0x0000000702700000| Untracked 
|   5|0x0000000702700000, 0x0000000702800000, 0x0000000702800000|100%| O|  |TAMS 0x0000000702700000, 0x0000000702800000| Untracked 
|   6|0x0000000702800000, 0x00000007028bd200, 0x0000000702900000| 73%| O|  |TAMS 0x0000000702800000, 0x00000007028bd200| Untracked 
|   7|0x0000000702900000, 0x0000000702900000, 0x0000000702a00000|  0%| F|  |TAMS 0x0000000702900000, 0x0000000702900000| Untracked 
|   8|0x0000000702a00000, 0x0000000702a00000, 0x0000000702b00000|  0%| F|  |TAMS 0x0000000702a00000, 0x0000000702a00000| Untracked 
|   9|0x0000000702b00000, 0x0000000702b00000, 0x0000000702c00000|  0%| F|  |TAMS 0x0000000702b00000, 0x0000000702b00000| Untracked 
|  10|0x0000000702c00000, 0x0000000702c00000, 0x0000000702d00000|  0%| F|  |TAMS 0x0000000702c00000, 0x0000000702c00000| Untracked 
|  11|0x0000000702d00000, 0x0000000702d00000, 0x0000000702e00000|  0%| F|  |TAMS 0x0000000702d00000, 0x0000000702d00000| Untracked 
|  12|0x0000000702e00000, 0x0000000702e00000, 0x0000000702f00000|  0%| F|  |TAMS 0x0000000702e00000, 0x0000000702e00000| Untracked 
|  13|0x0000000702f00000, 0x0000000702f00000, 0x0000000703000000|  0%| F|  |TAMS 0x0000000702f00000, 0x0000000702f00000| Untracked 
|  14|0x0000000703000000, 0x0000000703000000, 0x0000000703100000|  0%| F|  |TAMS 0x0000000703000000, 0x0000000703000000| Untracked 
|  15|0x0000000703100000, 0x0000000703100000, 0x0000000703200000|  0%| F|  |TAMS 0x0000000703100000, 0x0000000703100000| Untracked 
|  16|0x0000000703200000, 0x0000000703200000, 0x0000000703300000|  0%| F|  |TAMS 0x0000000703200000, 0x0000000703200000| Untracked 
|  17|0x0000000703300000, 0x0000000703300000, 0x0000000703400000|  0%| F|  |TAMS 0x0000000703300000, 0x0000000703300000| Untracked 
|  18|0x0000000703400000, 0x0000000703400000, 0x0000000703500000|  0%| F|  |TAMS 0x0000000703400000, 0x0000000703400000| Untracked 
|  19|0x0000000703500000, 0x0000000703500000, 0x0000000703600000|  0%| F|  |TAMS 0x0000000703500000, 0x0000000703500000| Untracked 
|  20|0x0000000703600000, 0x0000000703600000, 0x0000000703700000|  0%| F|  |TAMS 0x0000000703600000, 0x0000000703600000| Untracked 
|  21|0x0000000703700000, 0x0000000703700000, 0x0000000703800000|  0%| F|  |TAMS 0x0000000703700000, 0x0000000703700000| Untracked 
|  22|0x0000000703800000, 0x0000000703800000, 0x0000000703900000|  0%| F|  |TAMS 0x0000000703800000, 0x0000000703800000| Untracked 
|  23|0x0000000703900000, 0x0000000703900000, 0x0000000703a00000|  0%| F|  |TAMS 0x0000000703900000, 0x0000000703900000| Untracked 
|  24|0x0000000703a00000, 0x0000000703a00000, 0x0000000703b00000|  0%| F|  |TAMS 0x0000000703a00000, 0x0000000703a00000| Untracked 
|  25|0x0000000703b00000, 0x0000000703b00000, 0x0000000703c00000|  0%| F|  |TAMS 0x0000000703b00000, 0x0000000703b00000| Untracked 
|  26|0x0000000703c00000, 0x0000000703c00000, 0x0000000703d00000|  0%| F|  |TAMS 0x0000000703c00000, 0x0000000703c00000| Untracked 
|  27|0x0000000703d00000, 0x0000000703d00000, 0x0000000703e00000|  0%| F|  |TAMS 0x0000000703d00000, 0x0000000703d00000| Untracked 
|  28|0x0000000703e00000, 0x0000000703e00000, 0x0000000703f00000|  0%| F|  |TAMS 0x0000000703e00000, 0x0000000703e00000| Untracked 
|  29|0x0000000703f00000, 0x0000000703f00000, 0x0000000704000000|  0%| F|  |TAMS 0x0000000703f00000, 0x0000000703f00000| Untracked 
|  30|0x0000000704000000, 0x0000000704000000, 0x0000000704100000|  0%| F|  |TAMS 0x0000000704000000, 0x0000000704000000| Untracked 
|  31|0x0000000704100000, 0x0000000704100000, 0x0000000704200000|  0%| F|  |TAMS 0x0000000704100000, 0x0000000704100000| Untracked 
|  32|0x0000000704200000, 0x0000000704200000, 0x0000000704300000|  0%| F|  |TAMS 0x0000000704200000, 0x0000000704200000| Untracked 
|  33|0x0000000704300000, 0x0000000704300000, 0x0000000704400000|  0%| F|  |TAMS 0x0000000704300000, 0x0000000704300000| Untracked 
|  34|0x0000000704400000, 0x0000000704400000, 0x0000000704500000|  0%| F|  |TAMS 0x0000000704400000, 0x0000000704400000| Untracked 
|  35|0x0000000704500000, 0x0000000704500000, 0x0000000704600000|  0%| F|  |TAMS 0x0000000704500000, 0x0000000704500000| Untracked 
|  36|0x0000000704600000, 0x0000000704600000, 0x0000000704700000|  0%| F|  |TAMS 0x0000000704600000, 0x0000000704600000| Untracked 
|  37|0x0000000704700000, 0x0000000704700000, 0x0000000704800000|  0%| F|  |TAMS 0x0000000704700000, 0x0000000704700000| Untracked 
|  38|0x0000000704800000, 0x0000000704800000, 0x0000000704900000|  0%| F|  |TAMS 0x0000000704800000, 0x0000000704800000| Untracked 
|  39|0x0000000704900000, 0x0000000704900000, 0x0000000704a00000|  0%| F|  |TAMS 0x0000000704900000, 0x0000000704900000| Untracked 
|  40|0x0000000704a00000, 0x0000000704a00000, 0x0000000704b00000|  0%| F|  |TAMS 0x0000000704a00000, 0x0000000704a00000| Untracked 
|  41|0x0000000704b00000, 0x0000000704b00000, 0x0000000704c00000|  0%| F|  |TAMS 0x0000000704b00000, 0x0000000704b00000| Untracked 
|  42|0x0000000704c00000, 0x0000000704c00000, 0x0000000704d00000|  0%| F|  |TAMS 0x0000000704c00000, 0x0000000704c00000| Untracked 
|  43|0x0000000704d00000, 0x0000000704d00000, 0x0000000704e00000|  0%| F|  |TAMS 0x0000000704d00000, 0x0000000704d00000| Untracked 
|  44|0x0000000704e00000, 0x0000000704e00000, 0x0000000704f00000|  0%| F|  |TAMS 0x0000000704e00000, 0x0000000704e00000| Untracked 
|  45|0x0000000704f00000, 0x0000000704f00000, 0x0000000705000000|  0%| F|  |TAMS 0x0000000704f00000, 0x0000000704f00000| Untracked 
|  46|0x0000000705000000, 0x0000000705000000, 0x0000000705100000|  0%| F|  |TAMS 0x0000000705000000, 0x0000000705000000| Untracked 
|  47|0x0000000705100000, 0x0000000705100000, 0x0000000705200000|  0%| F|  |TAMS 0x0000000705100000, 0x0000000705100000| Untracked 
|  48|0x0000000705200000, 0x0000000705200000, 0x0000000705300000|  0%| F|  |TAMS 0x0000000705200000, 0x0000000705200000| Untracked 
|  49|0x0000000705300000, 0x0000000705300000, 0x0000000705400000|  0%| F|  |TAMS 0x0000000705300000, 0x0000000705300000| Untracked 
|  50|0x0000000705400000, 0x0000000705400000, 0x0000000705500000|  0%| F|  |TAMS 0x0000000705400000, 0x0000000705400000| Untracked 
|  51|0x0000000705500000, 0x0000000705500000, 0x0000000705600000|  0%| F|  |TAMS 0x0000000705500000, 0x0000000705500000| Untracked 
|  52|0x0000000705600000, 0x0000000705600000, 0x0000000705700000|  0%| F|  |TAMS 0x0000000705600000, 0x0000000705600000| Untracked 
|  53|0x0000000705700000, 0x0000000705700000, 0x0000000705800000|  0%| F|  |TAMS 0x0000000705700000, 0x0000000705700000| Untracked 
|  54|0x0000000705800000, 0x0000000705800000, 0x0000000705900000|  0%| F|  |TAMS 0x0000000705800000, 0x0000000705800000| Untracked 
|  55|0x0000000705900000, 0x0000000705900000, 0x0000000705a00000|  0%| F|  |TAMS 0x0000000705900000, 0x0000000705900000| Untracked 
|  56|0x0000000705a00000, 0x0000000705a00000, 0x0000000705b00000|  0%| F|  |TAMS 0x0000000705a00000, 0x0000000705a00000| Untracked 
|  57|0x0000000705b00000, 0x0000000705b00000, 0x0000000705c00000|  0%| F|  |TAMS 0x0000000705b00000, 0x0000000705b00000| Untracked 
|  58|0x0000000705c00000, 0x0000000705c00000, 0x0000000705d00000|  0%| F|  |TAMS 0x0000000705c00000, 0x0000000705c00000| Untracked 
|  59|0x0000000705d00000, 0x0000000705d00000, 0x0000000705e00000|  0%| F|  |TAMS 0x0000000705d00000, 0x0000000705d00000| Untracked 
|  60|0x0000000705e00000, 0x0000000705e00000, 0x0000000705f00000|  0%| F|  |TAMS 0x0000000705e00000, 0x0000000705e00000| Untracked 
|  61|0x0000000705f00000, 0x0000000705f00000, 0x0000000706000000|  0%| F|  |TAMS 0x0000000705f00000, 0x0000000705f00000| Untracked 
|  62|0x0000000706000000, 0x0000000706000000, 0x0000000706100000|  0%| F|  |TAMS 0x0000000706000000, 0x0000000706000000| Untracked 
|  63|0x0000000706100000, 0x0000000706100000, 0x0000000706200000|  0%| F|  |TAMS 0x0000000706100000, 0x0000000706100000| Untracked 
|  64|0x0000000706200000, 0x0000000706200000, 0x0000000706300000|  0%| F|  |TAMS 0x0000000706200000, 0x0000000706200000| Untracked 
|  65|0x0000000706300000, 0x0000000706300000, 0x0000000706400000|  0%| F|  |TAMS 0x0000000706300000, 0x0000000706300000| Untracked 
|  66|0x0000000706400000, 0x0000000706400000, 0x0000000706500000|  0%| F|  |TAMS 0x0000000706400000, 0x0000000706400000| Untracked 
|  67|0x0000000706500000, 0x0000000706500000, 0x0000000706600000|  0%| F|  |TAMS 0x0000000706500000, 0x0000000706500000| Untracked 
|  68|0x0000000706600000, 0x0000000706600000, 0x0000000706700000|  0%| F|  |TAMS 0x0000000706600000, 0x0000000706600000| Untracked 
|  69|0x0000000706700000, 0x0000000706700000, 0x0000000706800000|  0%| F|  |TAMS 0x0000000706700000, 0x0000000706700000| Untracked 
|  70|0x0000000706800000, 0x0000000706800000, 0x0000000706900000|  0%| F|  |TAMS 0x0000000706800000, 0x0000000706800000| Untracked 
|  71|0x0000000706900000, 0x0000000706900000, 0x0000000706a00000|  0%| F|  |TAMS 0x0000000706900000, 0x0000000706900000| Untracked 
|  72|0x0000000706a00000, 0x0000000706a00000, 0x0000000706b00000|  0%| F|  |TAMS 0x0000000706a00000, 0x0000000706a00000| Untracked 
|  73|0x0000000706b00000, 0x0000000706b00000, 0x0000000706c00000|  0%| F|  |TAMS 0x0000000706b00000, 0x0000000706b00000| Untracked 
|  74|0x0000000706c00000, 0x0000000706c00000, 0x0000000706d00000|  0%| F|  |TAMS 0x0000000706c00000, 0x0000000706c00000| Untracked 
|  75|0x0000000706d00000, 0x0000000706d00000, 0x0000000706e00000|  0%| F|  |TAMS 0x0000000706d00000, 0x0000000706d00000| Untracked 
|  76|0x0000000706e00000, 0x0000000706e00000, 0x0000000706f00000|  0%| F|  |TAMS 0x0000000706e00000, 0x0000000706e00000| Untracked 
|  77|0x0000000706f00000, 0x0000000706f00000, 0x0000000707000000|  0%| F|  |TAMS 0x0000000706f00000, 0x0000000706f00000| Untracked 
|  78|0x0000000707000000, 0x0000000707000000, 0x0000000707100000|  0%| F|  |TAMS 0x0000000707000000, 0x0000000707000000| Untracked 
|  79|0x0000000707100000, 0x0000000707100000, 0x0000000707200000|  0%| F|  |TAMS 0x0000000707100000, 0x0000000707100000| Untracked 
|  80|0x0000000707200000, 0x0000000707200000, 0x0000000707300000|  0%| F|  |TAMS 0x0000000707200000, 0x0000000707200000| Untracked 
|  81|0x0000000707300000, 0x0000000707300000, 0x0000000707400000|  0%| F|  |TAMS 0x0000000707300000, 0x0000000707300000| Untracked 
|  82|0x0000000707400000, 0x0000000707400000, 0x0000000707500000|  0%| F|  |TAMS 0x0000000707400000, 0x0000000707400000| Untracked 
|  83|0x0000000707500000, 0x0000000707500000, 0x0000000707600000|  0%| F|  |TAMS 0x0000000707500000, 0x0000000707500000| Untracked 
|  84|0x0000000707600000, 0x0000000707600000, 0x0000000707700000|  0%| F|  |TAMS 0x0000000707600000, 0x0000000707600000| Untracked 
|  85|0x0000000707700000, 0x0000000707700000, 0x0000000707800000|  0%| F|  |TAMS 0x0000000707700000, 0x0000000707700000| Untracked 
|  86|0x0000000707800000, 0x0000000707800000, 0x0000000707900000|  0%| F|  |TAMS 0x0000000707800000, 0x0000000707800000| Untracked 
|  87|0x0000000707900000, 0x0000000707900000, 0x0000000707a00000|  0%| F|  |TAMS 0x0000000707900000, 0x0000000707900000| Untracked 
|  88|0x0000000707a00000, 0x0000000707a00000, 0x0000000707b00000|  0%| F|  |TAMS 0x0000000707a00000, 0x0000000707a00000| Untracked 
|  89|0x0000000707b00000, 0x0000000707b00000, 0x0000000707c00000|  0%| F|  |TAMS 0x0000000707b00000, 0x0000000707b00000| Untracked 
|  90|0x0000000707c00000, 0x0000000707c00000, 0x0000000707d00000|  0%| F|  |TAMS 0x0000000707c00000, 0x0000000707c00000| Untracked 
|  91|0x0000000707d00000, 0x0000000707d00000, 0x0000000707e00000|  0%| F|  |TAMS 0x0000000707d00000, 0x0000000707d00000| Untracked 
|  92|0x0000000707e00000, 0x0000000707e00000, 0x0000000707f00000|  0%| F|  |TAMS 0x0000000707e00000, 0x0000000707e00000| Untracked 
|  93|0x0000000707f00000, 0x0000000707f00000, 0x0000000708000000|  0%| F|  |TAMS 0x0000000707f00000, 0x0000000707f00000| Untracked 
|  94|0x0000000708000000, 0x0000000708000000, 0x0000000708100000|  0%| F|  |TAMS 0x0000000708000000, 0x0000000708000000| Untracked 
|  95|0x0000000708100000, 0x0000000708100000, 0x0000000708200000|  0%| F|  |TAMS 0x0000000708100000, 0x0000000708100000| Untracked 
|  96|0x0000000708200000, 0x0000000708200000, 0x0000000708300000|  0%| F|  |TAMS 0x0000000708200000, 0x0000000708200000| Untracked 
|  97|0x0000000708300000, 0x0000000708300000, 0x0000000708400000|  0%| F|  |TAMS 0x0000000708300000, 0x0000000708300000| Untracked 
|  98|0x0000000708400000, 0x0000000708400000, 0x0000000708500000|  0%| F|  |TAMS 0x0000000708400000, 0x0000000708400000| Untracked 
|  99|0x0000000708500000, 0x0000000708500000, 0x0000000708600000|  0%| F|  |TAMS 0x0000000708500000, 0x0000000708500000| Untracked 
| 100|0x0000000708600000, 0x0000000708600000, 0x0000000708700000|  0%| F|  |TAMS 0x0000000708600000, 0x0000000708600000| Untracked 
| 101|0x0000000708700000, 0x0000000708700000, 0x0000000708800000|  0%| F|  |TAMS 0x0000000708700000, 0x0000000708700000| Untracked 
| 102|0x0000000708800000, 0x0000000708800000, 0x0000000708900000|  0%| F|  |TAMS 0x0000000708800000, 0x0000000708800000| Untracked 
| 103|0x0000000708900000, 0x0000000708900000, 0x0000000708a00000|  0%| F|  |TAMS 0x0000000708900000, 0x0000000708900000| Untracked 
| 104|0x0000000708a00000, 0x0000000708a00000, 0x0000000708b00000|  0%| F|  |TAMS 0x0000000708a00000, 0x0000000708a00000| Untracked 
| 105|0x0000000708b00000, 0x0000000708b00000, 0x0000000708c00000|  0%| F|  |TAMS 0x0000000708b00000, 0x0000000708b00000| Untracked 
| 106|0x0000000708c00000, 0x0000000708c00000, 0x0000000708d00000|  0%| F|  |TAMS 0x0000000708c00000, 0x0000000708c00000| Untracked 
| 107|0x0000000708d00000, 0x0000000708d00000, 0x0000000708e00000|  0%| F|  |TAMS 0x0000000708d00000, 0x0000000708d00000| Untracked 
| 108|0x0000000708e00000, 0x0000000708e00000, 0x0000000708f00000|  0%| F|  |TAMS 0x0000000708e00000, 0x0000000708e00000| Untracked 
| 109|0x0000000708f00000, 0x0000000708f00000, 0x0000000709000000|  0%| F|  |TAMS 0x0000000708f00000, 0x0000000708f00000| Untracked 
| 110|0x0000000709000000, 0x0000000709000000, 0x0000000709100000|  0%| F|  |TAMS 0x0000000709000000, 0x0000000709000000| Untracked 
| 111|0x0000000709100000, 0x0000000709100000, 0x0000000709200000|  0%| F|  |TAMS 0x0000000709100000, 0x0000000709100000| Untracked 
| 112|0x0000000709200000, 0x0000000709200000, 0x0000000709300000|  0%| F|  |TAMS 0x0000000709200000, 0x0000000709200000| Untracked 
| 113|0x0000000709300000, 0x0000000709300000, 0x0000000709400000|  0%| F|  |TAMS 0x0000000709300000, 0x0000000709300000| Untracked 
| 114|0x0000000709400000, 0x0000000709400000, 0x0000000709500000|  0%| F|  |TAMS 0x0000000709400000, 0x0000000709400000| Untracked 
| 115|0x0000000709500000, 0x0000000709500000, 0x0000000709600000|  0%| F|  |TAMS 0x0000000709500000, 0x0000000709500000| Untracked 
| 116|0x0000000709600000, 0x0000000709600000, 0x0000000709700000|  0%| F|  |TAMS 0x0000000709600000, 0x0000000709600000| Untracked 
| 117|0x0000000709700000, 0x0000000709700000, 0x0000000709800000|  0%| F|  |TAMS 0x0000000709700000, 0x0000000709700000| Untracked 
| 118|0x0000000709800000, 0x0000000709800000, 0x0000000709900000|  0%| F|  |TAMS 0x0000000709800000, 0x0000000709800000| Untracked 
| 119|0x0000000709900000, 0x0000000709900000, 0x0000000709a00000|  0%| F|  |TAMS 0x0000000709900000, 0x0000000709900000| Untracked 
| 120|0x0000000709a00000, 0x0000000709a00000, 0x0000000709b00000|  0%| F|  |TAMS 0x0000000709a00000, 0x0000000709a00000| Untracked 
| 121|0x0000000709b00000, 0x0000000709b00000, 0x0000000709c00000|  0%| F|  |TAMS 0x0000000709b00000, 0x0000000709b00000| Untracked 
| 122|0x0000000709c00000, 0x0000000709c00000, 0x0000000709d00000|  0%| F|  |TAMS 0x0000000709c00000, 0x0000000709c00000| Untracked 
| 123|0x0000000709d00000, 0x0000000709d00000, 0x0000000709e00000|  0%| F|  |TAMS 0x0000000709d00000, 0x0000000709d00000| Untracked 
| 124|0x0000000709e00000, 0x0000000709e00000, 0x0000000709f00000|  0%| F|  |TAMS 0x0000000709e00000, 0x0000000709e00000| Untracked 
| 125|0x0000000709f00000, 0x0000000709f00000, 0x000000070a000000|  0%| F|  |TAMS 0x0000000709f00000, 0x0000000709f00000| Untracked 
| 126|0x000000070a000000, 0x000000070a000000, 0x000000070a100000|  0%| F|  |TAMS 0x000000070a000000, 0x000000070a000000| Untracked 
| 127|0x000000070a100000, 0x000000070a100000, 0x000000070a200000|  0%| F|  |TAMS 0x000000070a100000, 0x000000070a100000| Untracked 
| 128|0x000000070a200000, 0x000000070a200000, 0x000000070a300000|  0%| F|  |TAMS 0x000000070a200000, 0x000000070a200000| Untracked 
| 129|0x000000070a300000, 0x000000070a300000, 0x000000070a400000|  0%| F|  |TAMS 0x000000070a300000, 0x000000070a300000| Untracked 
| 130|0x000000070a400000, 0x000000070a400000, 0x000000070a500000|  0%| F|  |TAMS 0x000000070a400000, 0x000000070a400000| Untracked 
| 131|0x000000070a500000, 0x000000070a500000, 0x000000070a600000|  0%| F|  |TAMS 0x000000070a500000, 0x000000070a500000| Untracked 
| 132|0x000000070a600000, 0x000000070a600000, 0x000000070a700000|  0%| F|  |TAMS 0x000000070a600000, 0x000000070a600000| Untracked 
| 133|0x000000070a700000, 0x000000070a700000, 0x000000070a800000|  0%| F|  |TAMS 0x000000070a700000, 0x000000070a700000| Untracked 
| 134|0x000000070a800000, 0x000000070a800000, 0x000000070a900000|  0%| F|  |TAMS 0x000000070a800000, 0x000000070a800000| Untracked 
| 135|0x000000070a900000, 0x000000070a900000, 0x000000070aa00000|  0%| F|  |TAMS 0x000000070a900000, 0x000000070a900000| Untracked 
| 136|0x000000070aa00000, 0x000000070aa00000, 0x000000070ab00000|  0%| F|  |TAMS 0x000000070aa00000, 0x000000070aa00000| Untracked 
| 137|0x000000070ab00000, 0x000000070ab00000, 0x000000070ac00000|  0%| F|  |TAMS 0x000000070ab00000, 0x000000070ab00000| Untracked 
| 138|0x000000070ac00000, 0x000000070ac00000, 0x000000070ad00000|  0%| F|  |TAMS 0x000000070ac00000, 0x000000070ac00000| Untracked 
| 139|0x000000070ad00000, 0x000000070ad00000, 0x000000070ae00000|  0%| F|  |TAMS 0x000000070ad00000, 0x000000070ad00000| Untracked 
| 140|0x000000070ae00000, 0x000000070ae00000, 0x000000070af00000|  0%| F|  |TAMS 0x000000070ae00000, 0x000000070ae00000| Untracked 
| 141|0x000000070af00000, 0x000000070af00000, 0x000000070b000000|  0%| F|  |TAMS 0x000000070af00000, 0x000000070af00000| Untracked 
| 142|0x000000070b000000, 0x000000070b000000, 0x000000070b100000|  0%| F|  |TAMS 0x000000070b000000, 0x000000070b000000| Untracked 
| 143|0x000000070b100000, 0x000000070b100000, 0x000000070b200000|  0%| F|  |TAMS 0x000000070b100000, 0x000000070b100000| Untracked 
| 144|0x000000070b200000, 0x000000070b200000, 0x000000070b300000|  0%| F|  |TAMS 0x000000070b200000, 0x000000070b200000| Untracked 
| 145|0x000000070b300000, 0x000000070b300000, 0x000000070b400000|  0%| F|  |TAMS 0x000000070b300000, 0x000000070b300000| Untracked 
| 146|0x000000070b400000, 0x000000070b400000, 0x000000070b500000|  0%| F|  |TAMS 0x000000070b400000, 0x000000070b400000| Untracked 
| 147|0x000000070b500000, 0x000000070b500000, 0x000000070b600000|  0%| F|  |TAMS 0x000000070b500000, 0x000000070b500000| Untracked 
| 148|0x000000070b600000, 0x000000070b600000, 0x000000070b700000|  0%| F|  |TAMS 0x000000070b600000, 0x000000070b600000| Untracked 
| 149|0x000000070b700000, 0x000000070b700000, 0x000000070b800000|  0%| F|  |TAMS 0x000000070b700000, 0x000000070b700000| Untracked 
| 150|0x000000070b800000, 0x000000070b800000, 0x000000070b900000|  0%| F|  |TAMS 0x000000070b800000, 0x000000070b800000| Untracked 
| 151|0x000000070b900000, 0x000000070b900000, 0x000000070ba00000|  0%| F|  |TAMS 0x000000070b900000, 0x000000070b900000| Untracked 
| 152|0x000000070ba00000, 0x000000070ba00000, 0x000000070bb00000|  0%| F|  |TAMS 0x000000070ba00000, 0x000000070ba00000| Untracked 
| 153|0x000000070bb00000, 0x000000070bb00000, 0x000000070bc00000|  0%| F|  |TAMS 0x000000070bb00000, 0x000000070bb00000| Untracked 
| 154|0x000000070bc00000, 0x000000070bc00000, 0x000000070bd00000|  0%| F|  |TAMS 0x000000070bc00000, 0x000000070bc00000| Untracked 
| 155|0x000000070bd00000, 0x000000070bd00000, 0x000000070be00000|  0%| F|  |TAMS 0x000000070bd00000, 0x000000070bd00000| Untracked 
| 156|0x000000070be00000, 0x000000070be00000, 0x000000070bf00000|  0%| F|  |TAMS 0x000000070be00000, 0x000000070be00000| Untracked 
| 157|0x000000070bf00000, 0x000000070bf28d98, 0x000000070c000000| 15%| S|CS|TAMS 0x000000070bf00000, 0x000000070bf00000| Complete 
| 158|0x000000070c000000, 0x000000070c100000, 0x000000070c100000|100%| S|CS|TAMS 0x000000070c000000, 0x000000070c000000| Complete 
| 159|0x000000070c100000, 0x000000070c200000, 0x000000070c200000|100%| S|CS|TAMS 0x000000070c100000, 0x000000070c100000| Complete 
| 160|0x000000070c200000, 0x000000070c300000, 0x000000070c300000|100%| S|CS|TAMS 0x000000070c200000, 0x000000070c200000| Complete 
| 161|0x000000070c300000, 0x000000070c400000, 0x000000070c400000|100%| S|CS|TAMS 0x000000070c300000, 0x000000070c300000| Complete 
| 162|0x000000070c400000, 0x000000070c500000, 0x000000070c500000|100%| S|CS|TAMS 0x000000070c400000, 0x000000070c400000| Complete 
| 163|0x000000070c500000, 0x000000070c500000, 0x000000070c600000|  0%| F|  |TAMS 0x000000070c500000, 0x000000070c500000| Untracked 
| 164|0x000000070c600000, 0x000000070c600000, 0x000000070c700000|  0%| F|  |TAMS 0x000000070c600000, 0x000000070c600000| Untracked 
| 165|0x000000070c700000, 0x000000070c700000, 0x000000070c800000|  0%| F|  |TAMS 0x000000070c700000, 0x000000070c700000| Untracked 
| 166|0x000000070c800000, 0x000000070c800000, 0x000000070c900000|  0%| F|  |TAMS 0x000000070c800000, 0x000000070c800000| Untracked 
| 167|0x000000070c900000, 0x000000070c900000, 0x000000070ca00000|  0%| F|  |TAMS 0x000000070c900000, 0x000000070c900000| Untracked 
| 168|0x000000070ca00000, 0x000000070ca00000, 0x000000070cb00000|  0%| F|  |TAMS 0x000000070ca00000, 0x000000070ca00000| Untracked 
| 169|0x000000070cb00000, 0x000000070cb00000, 0x000000070cc00000|  0%| F|  |TAMS 0x000000070cb00000, 0x000000070cb00000| Untracked 
| 170|0x000000070cc00000, 0x000000070cc00000, 0x000000070cd00000|  0%| F|  |TAMS 0x000000070cc00000, 0x000000070cc00000| Untracked 
| 171|0x000000070cd00000, 0x000000070cd00000, 0x000000070ce00000|  0%| F|  |TAMS 0x000000070cd00000, 0x000000070cd00000| Untracked 
| 172|0x000000070ce00000, 0x000000070ce00000, 0x000000070cf00000|  0%| F|  |TAMS 0x000000070ce00000, 0x000000070ce00000| Untracked 
| 173|0x000000070cf00000, 0x000000070cf00000, 0x000000070d000000|  0%| F|  |TAMS 0x000000070cf00000, 0x000000070cf00000| Untracked 
| 174|0x000000070d000000, 0x000000070d000000, 0x000000070d100000|  0%| F|  |TAMS 0x000000070d000000, 0x000000070d000000| Untracked 
| 175|0x000000070d100000, 0x000000070d100000, 0x000000070d200000|  0%| F|  |TAMS 0x000000070d100000, 0x000000070d100000| Untracked 
| 176|0x000000070d200000, 0x000000070d200000, 0x000000070d300000|  0%| F|  |TAMS 0x000000070d200000, 0x000000070d200000| Untracked 
| 177|0x000000070d300000, 0x000000070d300000, 0x000000070d400000|  0%| F|  |TAMS 0x000000070d300000, 0x000000070d300000| Untracked 
| 178|0x000000070d400000, 0x000000070d400000, 0x000000070d500000|  0%| F|  |TAMS 0x000000070d400000, 0x000000070d400000| Untracked 
| 179|0x000000070d500000, 0x000000070d500000, 0x000000070d600000|  0%| F|  |TAMS 0x000000070d500000, 0x000000070d500000| Untracked 
| 180|0x000000070d600000, 0x000000070d600000, 0x000000070d700000|  0%| F|  |TAMS 0x000000070d600000, 0x000000070d600000| Untracked 
| 181|0x000000070d700000, 0x000000070d700000, 0x000000070d800000|  0%| F|  |TAMS 0x000000070d700000, 0x000000070d700000| Untracked 
| 182|0x000000070d800000, 0x000000070d800000, 0x000000070d900000|  0%| F|  |TAMS 0x000000070d800000, 0x000000070d800000| Untracked 
| 183|0x000000070d900000, 0x000000070d900000, 0x000000070da00000|  0%| F|  |TAMS 0x000000070d900000, 0x000000070d900000| Untracked 
| 184|0x000000070da00000, 0x000000070da00000, 0x000000070db00000|  0%| F|  |TAMS 0x000000070da00000, 0x000000070da00000| Untracked 
| 185|0x000000070db00000, 0x000000070db00000, 0x000000070dc00000|  0%| F|  |TAMS 0x000000070db00000, 0x000000070db00000| Untracked 
| 186|0x000000070dc00000, 0x000000070dc00000, 0x000000070dd00000|  0%| F|  |TAMS 0x000000070dc00000, 0x000000070dc00000| Untracked 
| 187|0x000000070dd00000, 0x000000070dd00000, 0x000000070de00000|  0%| F|  |TAMS 0x000000070dd00000, 0x000000070dd00000| Untracked 
| 188|0x000000070de00000, 0x000000070de00000, 0x000000070df00000|  0%| F|  |TAMS 0x000000070de00000, 0x000000070de00000| Untracked 
| 189|0x000000070df00000, 0x000000070df00000, 0x000000070e000000|  0%| F|  |TAMS 0x000000070df00000, 0x000000070df00000| Untracked 
| 190|0x000000070e000000, 0x000000070e000000, 0x000000070e100000|  0%| F|  |TAMS 0x000000070e000000, 0x000000070e000000| Untracked 
| 191|0x000000070e100000, 0x000000070e100000, 0x000000070e200000|  0%| F|  |TAMS 0x000000070e100000, 0x000000070e100000| Untracked 
| 192|0x000000070e200000, 0x000000070e200000, 0x000000070e300000|  0%| F|  |TAMS 0x000000070e200000, 0x000000070e200000| Untracked 
| 193|0x000000070e300000, 0x000000070e300000, 0x000000070e400000|  0%| F|  |TAMS 0x000000070e300000, 0x000000070e300000| Untracked 
| 194|0x000000070e400000, 0x000000070e400000, 0x000000070e500000|  0%| F|  |TAMS 0x000000070e400000, 0x000000070e400000| Untracked 
| 195|0x000000070e500000, 0x000000070e500000, 0x000000070e600000|  0%| F|  |TAMS 0x000000070e500000, 0x000000070e500000| Untracked 
| 196|0x000000070e600000, 0x000000070e600000, 0x000000070e700000|  0%| F|  |TAMS 0x000000070e600000, 0x000000070e600000| Untracked 
| 197|0x000000070e700000, 0x000000070e700000, 0x000000070e800000|  0%| F|  |TAMS 0x000000070e700000, 0x000000070e700000| Untracked 
| 198|0x000000070e800000, 0x000000070e800000, 0x000000070e900000|  0%| F|  |TAMS 0x000000070e800000, 0x000000070e800000| Untracked 
| 199|0x000000070e900000, 0x000000070e900000, 0x000000070ea00000|  0%| F|  |TAMS 0x000000070e900000, 0x000000070e900000| Untracked 
| 200|0x000000070ea00000, 0x000000070ea00000, 0x000000070eb00000|  0%| F|  |TAMS 0x000000070ea00000, 0x000000070ea00000| Untracked 
| 201|0x000000070eb00000, 0x000000070eb00000, 0x000000070ec00000|  0%| F|  |TAMS 0x000000070eb00000, 0x000000070eb00000| Untracked 
| 202|0x000000070ec00000, 0x000000070ec00000, 0x000000070ed00000|  0%| F|  |TAMS 0x000000070ec00000, 0x000000070ec00000| Untracked 
| 203|0x000000070ed00000, 0x000000070ed00000, 0x000000070ee00000|  0%| F|  |TAMS 0x000000070ed00000, 0x000000070ed00000| Untracked 
| 204|0x000000070ee00000, 0x000000070ee00000, 0x000000070ef00000|  0%| F|  |TAMS 0x000000070ee00000, 0x000000070ee00000| Untracked 
| 205|0x000000070ef00000, 0x000000070ef00000, 0x000000070f000000|  0%| F|  |TAMS 0x000000070ef00000, 0x000000070ef00000| Untracked 
| 206|0x000000070f000000, 0x000000070f000000, 0x000000070f100000|  0%| F|  |TAMS 0x000000070f000000, 0x000000070f000000| Untracked 
| 207|0x000000070f100000, 0x000000070f100000, 0x000000070f200000|  0%| F|  |TAMS 0x000000070f100000, 0x000000070f100000| Untracked 
| 208|0x000000070f200000, 0x000000070f200000, 0x000000070f300000|  0%| F|  |TAMS 0x000000070f200000, 0x000000070f200000| Untracked 
| 209|0x000000070f300000, 0x000000070f300000, 0x000000070f400000|  0%| F|  |TAMS 0x000000070f300000, 0x000000070f300000| Untracked 
| 210|0x000000070f400000, 0x000000070f400000, 0x000000070f500000|  0%| F|  |TAMS 0x000000070f400000, 0x000000070f400000| Untracked 
| 211|0x000000070f500000, 0x000000070f500000, 0x000000070f600000|  0%| F|  |TAMS 0x000000070f500000, 0x000000070f500000| Untracked 
| 212|0x000000070f600000, 0x000000070f600000, 0x000000070f700000|  0%| F|  |TAMS 0x000000070f600000, 0x000000070f600000| Untracked 
| 213|0x000000070f700000, 0x000000070f700000, 0x000000070f800000|  0%| F|  |TAMS 0x000000070f700000, 0x000000070f700000| Untracked 
| 214|0x000000070f800000, 0x000000070f800000, 0x000000070f900000|  0%| F|  |TAMS 0x000000070f800000, 0x000000070f800000| Untracked 
| 215|0x000000070f900000, 0x000000070f900000, 0x000000070fa00000|  0%| F|  |TAMS 0x000000070f900000, 0x000000070f900000| Untracked 
| 216|0x000000070fa00000, 0x000000070fa00000, 0x000000070fb00000|  0%| F|  |TAMS 0x000000070fa00000, 0x000000070fa00000| Untracked 
| 217|0x000000070fb00000, 0x000000070fb00000, 0x000000070fc00000|  0%| F|  |TAMS 0x000000070fb00000, 0x000000070fb00000| Untracked 
| 218|0x000000070fc00000, 0x000000070fc00000, 0x000000070fd00000|  0%| F|  |TAMS 0x000000070fc00000, 0x000000070fc00000| Untracked 
| 219|0x000000070fd00000, 0x000000070fd00000, 0x000000070fe00000|  0%| F|  |TAMS 0x000000070fd00000, 0x000000070fd00000| Untracked 
| 220|0x000000070fe00000, 0x000000070fe00000, 0x000000070ff00000|  0%| F|  |TAMS 0x000000070fe00000, 0x000000070fe00000| Untracked 
| 221|0x000000070ff00000, 0x000000070ff00000, 0x0000000710000000|  0%| F|  |TAMS 0x000000070ff00000, 0x000000070ff00000| Untracked 
| 222|0x0000000710000000, 0x0000000710000000, 0x0000000710100000|  0%| F|  |TAMS 0x0000000710000000, 0x0000000710000000| Untracked 
| 223|0x0000000710100000, 0x0000000710100000, 0x0000000710200000|  0%| F|  |TAMS 0x0000000710100000, 0x0000000710100000| Untracked 
| 224|0x0000000710200000, 0x0000000710200000, 0x0000000710300000|  0%| F|  |TAMS 0x0000000710200000, 0x0000000710200000| Untracked 
| 225|0x0000000710300000, 0x0000000710300000, 0x0000000710400000|  0%| F|  |TAMS 0x0000000710300000, 0x0000000710300000| Untracked 
| 226|0x0000000710400000, 0x0000000710400000, 0x0000000710500000|  0%| F|  |TAMS 0x0000000710400000, 0x0000000710400000| Untracked 
| 227|0x0000000710500000, 0x0000000710500000, 0x0000000710600000|  0%| F|  |TAMS 0x0000000710500000, 0x0000000710500000| Untracked 
| 228|0x0000000710600000, 0x0000000710600000, 0x0000000710700000|  0%| F|  |TAMS 0x0000000710600000, 0x0000000710600000| Untracked 
| 229|0x0000000710700000, 0x0000000710700000, 0x0000000710800000|  0%| F|  |TAMS 0x0000000710700000, 0x0000000710700000| Untracked 
| 230|0x0000000710800000, 0x0000000710800000, 0x0000000710900000|  0%| F|  |TAMS 0x0000000710800000, 0x0000000710800000| Untracked 
| 231|0x0000000710900000, 0x0000000710900000, 0x0000000710a00000|  0%| F|  |TAMS 0x0000000710900000, 0x0000000710900000| Untracked 
| 232|0x0000000710a00000, 0x0000000710a00000, 0x0000000710b00000|  0%| F|  |TAMS 0x0000000710a00000, 0x0000000710a00000| Untracked 
| 233|0x0000000710b00000, 0x0000000710b00000, 0x0000000710c00000|  0%| F|  |TAMS 0x0000000710b00000, 0x0000000710b00000| Untracked 
| 234|0x0000000710c00000, 0x0000000710c00000, 0x0000000710d00000|  0%| F|  |TAMS 0x0000000710c00000, 0x0000000710c00000| Untracked 
| 235|0x0000000710d00000, 0x0000000710d00000, 0x0000000710e00000|  0%| F|  |TAMS 0x0000000710d00000, 0x0000000710d00000| Untracked 
| 236|0x0000000710e00000, 0x0000000710e00000, 0x0000000710f00000|  0%| F|  |TAMS 0x0000000710e00000, 0x0000000710e00000| Untracked 
| 237|0x0000000710f00000, 0x0000000710f00000, 0x0000000711000000|  0%| F|  |TAMS 0x0000000710f00000, 0x0000000710f00000| Untracked 
| 238|0x0000000711000000, 0x0000000711000000, 0x0000000711100000|  0%| F|  |TAMS 0x0000000711000000, 0x0000000711000000| Untracked 
| 239|0x0000000711100000, 0x0000000711100000, 0x0000000711200000|  0%| F|  |TAMS 0x0000000711100000, 0x0000000711100000| Untracked 
| 240|0x0000000711200000, 0x0000000711200000, 0x0000000711300000|  0%| F|  |TAMS 0x0000000711200000, 0x0000000711200000| Untracked 
| 241|0x0000000711300000, 0x0000000711300000, 0x0000000711400000|  0%| F|  |TAMS 0x0000000711300000, 0x0000000711300000| Untracked 
| 242|0x0000000711400000, 0x0000000711400000, 0x0000000711500000|  0%| F|  |TAMS 0x0000000711400000, 0x0000000711400000| Untracked 
| 243|0x0000000711500000, 0x0000000711500000, 0x0000000711600000|  0%| F|  |TAMS 0x0000000711500000, 0x0000000711500000| Untracked 
| 244|0x0000000711600000, 0x0000000711600000, 0x0000000711700000|  0%| F|  |TAMS 0x0000000711600000, 0x0000000711600000| Untracked 
| 245|0x0000000711700000, 0x0000000711700000, 0x0000000711800000|  0%| F|  |TAMS 0x0000000711700000, 0x0000000711700000| Untracked 
| 246|0x0000000711800000, 0x0000000711800000, 0x0000000711900000|  0%| F|  |TAMS 0x0000000711800000, 0x0000000711800000| Untracked 
| 247|0x0000000711900000, 0x0000000711900000, 0x0000000711a00000|  0%| F|  |TAMS 0x0000000711900000, 0x0000000711900000| Untracked 
| 248|0x0000000711a00000, 0x0000000711a00000, 0x0000000711b00000|  0%| F|  |TAMS 0x0000000711a00000, 0x0000000711a00000| Untracked 
| 249|0x0000000711b00000, 0x0000000711b00000, 0x0000000711c00000|  0%| F|  |TAMS 0x0000000711b00000, 0x0000000711b00000| Untracked 
| 250|0x0000000711c00000, 0x0000000711c00000, 0x0000000711d00000|  0%| F|  |TAMS 0x0000000711c00000, 0x0000000711c00000| Untracked 
| 251|0x0000000711d00000, 0x0000000711d00000, 0x0000000711e00000|  0%| F|  |TAMS 0x0000000711d00000, 0x0000000711d00000| Untracked 
| 252|0x0000000711e00000, 0x0000000711e00000, 0x0000000711f00000|  0%| F|  |TAMS 0x0000000711e00000, 0x0000000711e00000| Untracked 
| 253|0x0000000711f00000, 0x0000000711f00000, 0x0000000712000000|  0%| F|  |TAMS 0x0000000711f00000, 0x0000000711f00000| Untracked 

Card table byte_map: [0x000002dbe0b00000,0x000002dbe12f0000] _byte_map_base: 0x000002dbdd2ef000

Marking Bits (Prev, Next): (CMBitMap*) 0x000002dbc86431d8, (CMBitMap*) 0x000002dbc8643210
 Prev Bits: [0x000002dbe1ae0000, 0x000002dbe5a58000)
 Next Bits: [0x000002dbe5a60000, 0x000002dbe99d8000)

Polling page: 0x000002dbc7da0000

Metaspace:

Usage:
  Non-class:     15.75 MB capacity,    15.49 MB ( 98%) used,   211.04 KB (  1%) free+waste,    48.75 KB ( <1%) overhead. 
      Class:      2.16 MB capacity,     1.97 MB ( 91%) used,   166.44 KB (  8%) free+waste,    24.38 KB (  1%) overhead. 
       Both:     17.90 MB capacity,    17.46 MB ( 98%) used,   377.48 KB (  2%) free+waste,    73.13 KB ( <1%) overhead. 

Virtual space:
  Non-class space:       30.00 MB reserved,      15.75 MB ( 52%) committed 
      Class space:        1.00 GB reserved,       2.25 MB ( <1%) committed 
             Both:        1.03 GB reserved,      18.00 MB (  2%) committed 

Chunk freelists:
   Non-Class:  3.00 KB
       Class:  0 bytes
        Both:  3.00 KB

MaxMetaspaceSize: 17179869184.00 GB
CompressedClassSpaceSize: 1.00 GB
Initial GC threshold: 20.80 MB
Current GC threshold: 21.12 MB
CDS: off

CodeHeap 'non-profiled nmethods': size=238336Kb used=2535Kb max_used=2535Kb free=235801Kb
 bounds [0x000002dbd1700000, 0x000002dbd1980000, 0x000002dbdffc0000]
CodeHeap 'non-nmethods': size=7424Kb used=1158Kb max_used=1158Kb free=6265Kb
 bounds [0x000002dbd0fc0000, 0x000002dbd1230000, 0x000002dbd1700000]
 total_blobs=2127 nmethods=1718 adapters=336
 compilation: enabled
              stopped_count=0, restarted_count=0
 full_count=0

Compilation events (20 events):
Event: 8.086 Thread 0x000002dbec57d800 1724       1       java.util.Vector::add (23 bytes)
Event: 8.087 Thread 0x000002dbec57d800 nmethod 1724 0x000002dbd1975790 code [0x000002dbd1975960, 0x000002dbd1975c38]
Event: 8.087 Thread 0x000002dbec57d800 1725  s    1       java.util.Vector::addElement (24 bytes)
Event: 8.088 Thread 0x000002dbec57d800 nmethod 1725 0x000002dbd1975e10 code [0x000002dbd1975fe0, 0x000002dbd1976478]
Event: 8.111 Thread 0x000002dbec57d800 1726       1       java.lang.ClassLoader::addClass (9 bytes)
Event: 8.113 Thread 0x000002dbec57d800 nmethod 1726 0x000002dbd1976690 code [0x000002dbd1976860, 0x000002dbd1976d18]
Event: 8.124 Thread 0x000002dbec57d800 1727       1       org.springframework.util.StringUtils::hasText (24 bytes)
Event: 8.125 Thread 0x000002dbec57d800 nmethod 1727 0x000002dbd1977010 code [0x000002dbd19771c0, 0x000002dbd19772c8]
Event: 8.137 Thread 0x000002dbec57d800 1728       1       java.lang.ClassLoader::getUnnamedModule (5 bytes)
Event: 8.137 Thread 0x000002dbec57d800 nmethod 1728 0x000002dbd1977390 code [0x000002dbd1977540, 0x000002dbd19775f8]
Event: 8.139 Thread 0x000002dbec57d800 1729       1       java.util.jar.JavaUtilJarAccessImpl::getTrustedAttributes (6 bytes)
Event: 8.140 Thread 0x000002dbec57d800 nmethod 1729 0x000002dbd1977690 code [0x000002dbd1977840, 0x000002dbd1977928]
Event: 8.159 Thread 0x000002dbec57d800 1730   !   1       java.io.BufferedReader::readLine (304 bytes)
Event: 8.165 Thread 0x000002dbec57d800 nmethod 1730 0x000002dbd1977a10 code [0x000002dbd1977ca0, 0x000002dbd1978848]
Event: 8.169 Thread 0x000002dbec57d800 1731       1       java.lang.Character::isJavaIdentifierPart (9 bytes)
Event: 8.169 Thread 0x000002dbec57d800 nmethod 1731 0x000002dbd1979110 code [0x000002dbd19792c0, 0x000002dbd1979398]
Event: 8.169 Thread 0x000002dbec57d800 1732       1       java.lang.CharacterDataLatin1::isJavaIdentifierPart (20 bytes)
Event: 8.170 Thread 0x000002dbec57d800 nmethod 1732 0x000002dbd1979410 code [0x000002dbd19795c0, 0x000002dbd19796d8]
Event: 8.170 Thread 0x000002dbec57d800 1733       1       java.nio.ByteBuffer::arrayOffset (35 bytes)
Event: 8.170 Thread 0x000002dbec57d800 nmethod 1733 0x000002dbd1979790 code [0x000002dbd1979960, 0x000002dbd1979af8]

GC Heap History (4 events):
Event: 4.917 GC heap before
{Heap before GC invocations=0 (full 0):
 garbage-first heap   total 260096K, used 25600K [0x0000000702200000, 0x0000000800000000)
  region size 1024K, 24 young (24576K), 0 survivors (0K)
 Metaspace       used 9947K, capacity 10066K, committed 10240K, reserved 1058816K
  class space    used 958K, capacity 992K, committed 1024K, reserved 1048576K
}
Event: 4.930 GC heap after
{Heap after GC invocations=1 (full 0):
 garbage-first heap   total 260096K, used 9972K [0x0000000702200000, 0x0000000800000000)
  region size 1024K, 3 young (3072K), 3 survivors (3072K)
 Metaspace       used 9947K, capacity 10066K, committed 10240K, reserved 1058816K
  class space    used 958K, capacity 992K, committed 1024K, reserved 1048576K
}
Event: 8.184 GC heap before
{Heap before GC invocations=1 (full 0):
 garbage-first heap   total 260096K, used 98036K [0x0000000702200000, 0x0000000800000000)
  region size 1024K, 91 young (93184K), 3 survivors (3072K)
 Metaspace       used 17883K, capacity 18334K, committed 18432K, reserved 1077248K
  class space    used 2018K, capacity 2209K, committed 2304K, reserved 1048576K
}
Event: 8.275 GC heap after
{Heap after GC invocations=2 (full 0):
 garbage-first heap   total 260096K, used 12183K [0x0000000702200000, 0x0000000800000000)
  region size 1024K, 6 young (6144K), 6 survivors (6144K)
 Metaspace       used 17883K, capacity 18334K, committed 18432K, reserved 1077248K
  class space    used 2018K, capacity 2209K, committed 2304K, reserved 1048576K
}

Deoptimization events (0 events):
No events

Classes redefined (0 events):
No events

Internal exceptions (20 events):
Event: 6.975 Thread 0x000002dbedcab800 Exception <a 'java/lang/IncompatibleClassChangeError'{0x000000070df4e958}: Found class java.lang.Object, but interface was expected> (0x000000070df4e958) thrown at [./src/hotspot/share/interpreter/linkResolver.cpp, line 839]
Event: 7.159 Thread 0x000002dbedcab800 Exception <a 'java/lang/NoSuchMethodError'{0x000000070decfff0}: 'int java.lang.invoke.DirectMethodHandle$Holder.invokeSpecial(java.lang.Object, java.lang.Object, java.lang.Object, java.lang.Object)'> (0x000000070decfff0) thrown at [./src/hotspot/share/interpreter/linkResolver.cpp, line 773]
Event: 7.234 Thread 0x000002dbedcab800 Exception <a 'java/lang/NoSuchMethodError'{0x000000070defc290}: 'void java.lang.invoke.DirectMethodHandle$Holder.invokeSpecial(java.lang.Object, java.lang.Object, java.lang.Object, java.lang.Object)'> (0x000000070defc290) thrown at [./src/hotspot/share/interpreter/linkResolver.cpp, line 773]
Event: 7.386 Thread 0x000002dbedcab800 Exception <a 'java/lang/NoSuchMethodError'{0x000000070dcba778}: 'java.lang.Object java.lang.invoke.Invokers$Holder.linkToTargetMethod(java.lang.Object, java.lang.Object, java.lang.Object, java.lang.Object, java.lang.Object, java.lang.Object)'> (0x000000070dcba778) thrown at [./src/hotspot/share/interpreter/linkResolver.cpp, line 773]
Event: 7.428 Thread 0x000002dbedcab800 Exception <a 'java/lang/NoSuchMethodError'{0x000000070dba01d0}: 'java.lang.Object java.lang.invoke.DirectMethodHandle$Holder.invokeSpecial(java.lang.Object, java.lang.Object, java.lang.Object, java.lang.Object, java.lang.Object, java.lang.Object, int)'> (0x000000070dba01d0) thrown at [./src/hotspot/share/interpreter/linkResolver.cpp, line 773]
Event: 7.429 Thread 0x000002dbedcab800 Exception <a 'java/lang/NoSuchMethodError'{0x000000070dba9c30}: 'java.lang.Object java.lang.invoke.DirectMethodHandle$Holder.invokeSpecial(java.lang.Object, java.lang.Object, java.lang.Object, java.lang.Object, java.lang.Object, java.lang.Object, java.lang.Object, int)'> (0x000000070dba9c30) thrown at [./src/hotspot/share/interpreter/linkResolver.cpp, line 773]
Event: 7.429 Thread 0x000002dbedcab800 Exception <a 'java/lang/NoSuchMethodError'{0x000000070dbadad8}: 'java.lang.Object java.lang.invoke.Invokers$Holder.linkToTargetMethod(java.lang.Object, java.lang.Object, java.lang.Object, java.lang.Object, java.lang.Object, int, java.lang.Object)'> (0x000000070dbadad8) thrown at [./src/hotspot/share/interpreter/linkResolver.cpp, line 773]
Event: 7.503 Thread 0x000002dbedcab800 Exception <a 'java/lang/NoSuchMethodError'{0x000000070d936cf0}: 'int java.lang.invoke.DirectMethodHandle$Holder.invokeInterface(java.lang.Object, java.lang.Object)'> (0x000000070d936cf0) thrown at [./src/hotspot/share/interpreter/linkResolver.cpp, line 773]
Event: 7.638 Thread 0x000002dbedcab800 Exception <a 'java/lang/NoSuchMethodError'{0x000000070d83de38}: 'int java.lang.invoke.DirectMethodHandle$Holder.invokeVirtual(java.lang.Object, java.lang.Object)'> (0x000000070d83de38) thrown at [./src/hotspot/share/interpreter/linkResolver.cpp, line 773]
Event: 7.678 Thread 0x000002dbedcab800 Exception <a 'java/lang/NoSuchMethodError'{0x000000070d708f28}: 'java.lang.Object java.lang.invoke.DirectMethodHandle$Holder.invokeStatic(java.lang.Object, java.lang.Object, java.lang.Object, int, java.lang.Object)'> (0x000000070d708f28) thrown at [./src/hotspot/share/interpreter/linkResolver.cpp, line 773]
Event: 7.679 Thread 0x000002dbedcab800 Exception <a 'java/lang/NoSuchMethodError'{0x000000070d70f930}: 'java.lang.Object java.lang.invoke.Invokers$Holder.linkToTargetMethod(java.lang.Object, java.lang.Object, int, java.lang.Object, java.lang.Object)'> (0x000000070d70f930) thrown at [./src/hotspot/share/interpreter/linkResolver.cpp, line 773]
Event: 7.681 Thread 0x000002dbedcab800 Exception <a 'java/lang/NoSuchMethodError'{0x000000070d71b030}: 'int java.lang.invoke.DirectMethodHandle$Holder.invokeStatic(java.lang.Object, int, java.lang.Object, java.lang.Object)'> (0x000000070d71b030) thrown at [./src/hotspot/share/interpreter/linkResolver.cpp, line 773]
Event: 7.682 Thread 0x000002dbedcab800 Exception <a 'java/lang/NoSuchMethodError'{0x000000070d722140}: 'java.lang.Object java.lang.invoke.DirectMethodHandle$Holder.invokeStatic(java.lang.Object, int, java.lang.Object)'> (0x000000070d722140) thrown at [./src/hotspot/share/interpreter/linkResolver.cpp, line 773]
Event: 7.683 Thread 0x000002dbedcab800 Exception <a 'java/lang/NoSuchMethodError'{0x000000070d7263f0}: 'int java.lang.invoke.DirectMethodHandle$Holder.invokeSpecialIFC(java.lang.Object, java.lang.Object, java.lang.Object, java.lang.Object)'> (0x000000070d7263f0) thrown at [./src/hotspot/share/interpreter/linkResolver.cpp, line 773]
Event: 7.752 Thread 0x000002dbedcab800 Exception <a 'java/lang/NoSuchMethodError'{0x000000070d5018f0}: 'int java.lang.invoke.DirectMethodHandle$Holder.invokeSpecialIFC(java.lang.Object, java.lang.Object, int)'> (0x000000070d5018f0) thrown at [./src/hotspot/share/interpreter/linkResolver.cpp, line 773]
Event: 7.823 Thread 0x000002dbedcab800 Exception <a 'java/lang/NoSuchMethodError'{0x000000070d4ff438}: 'void java.lang.invoke.DelegatingMethodHandle$Holder.delegate(java.lang.Object, java.lang.Object, int, java.lang.Object)'> (0x000000070d4ff438) thrown at [./src/hotspot/share/interpreter/linkResolver.cpp, line 773]
Event: 7.850 Thread 0x000002dbedcab800 Exception <a 'java/lang/NoSuchMethodError'{0x000000070d3ad348}: 'void java.lang.invoke.DirectMethodHandle$Holder.invokeStaticInit(java.lang.Object, java.lang.Object)'> (0x000000070d3ad348) thrown at [./src/hotspot/share/interpreter/linkResolver.cpp, line 773]
Event: 7.854 Thread 0x000002dbedcab800 Exception <a 'java/lang/NoSuchMethodError'{0x000000070d3d0d90}: 'void java.lang.invoke.DirectMethodHandle$Holder.invokeStaticInit(java.lang.Object, java.lang.Object, java.lang.Object)'> (0x000000070d3d0d90) thrown at [./src/hotspot/share/interpreter/linkResolver.cpp, line 773]
Event: 7.919 Thread 0x000002dbedcab800 Exception <a 'java/lang/NoSuchMethodError'{0x000000070d2ef498}: 'void java.lang.invoke.DirectMethodHandle$Holder.invokeVirtual(java.lang.Object, java.lang.Object, java.lang.Object, java.lang.Object)'> (0x000000070d2ef498) thrown at [./src/hotspot/share/interpreter/linkResolver.cpp, line 773]
Event: 8.030 Thread 0x000002dbedcab800 Exception <a 'java/lang/NoSuchMethodError'{0x000000070cee8f20}: 'void java.lang.invoke.DirectMethodHandle$Holder.invokeSpecial(java.lang.Object, java.lang.Object, java.lang.Object, java.lang.Object, java.lang.Object)'> (0x000000070cee8f20) thrown at [./src/hotspot/share/interpreter/linkResolver.cpp, line 773]

Events (20 events):
Event: 8.174 loading class java/util/TreeMap$KeySet done
Event: 8.174 loading class java/util/TreeMap$KeyIterator
Event: 8.174 loading class java/util/TreeMap$PrivateEntryIterator
Event: 8.175 Executing VM operation: CollectForMetadataAllocation
Event: 8.176 Executing VM operation: CollectForMetadataAllocation done
Event: 8.176 loading class java/util/TreeMap$PrivateEntryIterator done
Event: 8.176 loading class java/util/TreeMap$KeyIterator done
Event: 8.176 loading class org/apache/logging/log4j/util/PropertySource
Event: 8.176 loading class org/apache/logging/log4j/util/PropertySource done
Event: 8.177 loading class org/apache/logging/log4j/util/PropertiesUtil$Environment
Event: 8.177 loading class org/apache/logging/log4j/util/PropertiesUtil$Environment done
Event: 8.178 loading class org/apache/logging/log4j/util/BiConsumer
Event: 8.178 loading class org/apache/logging/log4j/util/BiConsumer done
Event: 8.178 loading class org/apache/logging/log4j/util/BiConsumer
Event: 8.179 loading class org/apache/logging/log4j/util/BiConsumer done
Event: 8.179 loading class org/springframework/context/annotation/ConfigurationClassPostProcessor
Event: 8.179 loading class org/springframework/context/annotation/ConfigurationClassPostProcessor done
Event: 8.180 loading class org/apache/logging/log4j/util/PropertySource$Util
Event: 8.180 loading class org/apache/logging/log4j/util/PropertySource$Util done
Event: 8.183 Executing VM operation: CollectForMetadataAllocation


Dynamic libraries:
0x00007ff6360d0000 - 0x00007ff6360dd000 	C:\Program Files\Zulu\zulu-11\bin\java.exe
0x00007ffbdf870000 - 0x00007ffbdfa65000 	C:\WINDOWS\SYSTEM32\ntdll.dll
0x00007ffbde9c0000 - 0x00007ffbdea7e000 	C:\WINDOWS\System32\KERNEL32.DLL
0x00007ffbdd060000 - 0x00007ffbdd329000 	C:\WINDOWS\System32\KERNELBASE.dll
0x00007ffbdd6e0000 - 0x00007ffbdd7e0000 	C:\WINDOWS\System32\ucrtbase.dll
0x00007ffbd47e0000 - 0x00007ffbd47f7000 	C:\Program Files\Zulu\zulu-11\bin\jli.dll
0x00007ffbbf7a0000 - 0x00007ffbbf7b5000 	C:\Program Files\Zulu\zulu-11\bin\VCRUNTIME140.dll
0x00007ffbdd8f0000 - 0x00007ffbdda91000 	C:\WINDOWS\System32\USER32.dll
0x00007ffbb6290000 - 0x00007ffbb652a000 	C:\WINDOWS\WinSxS\amd64_microsoft.windows.common-controls_6595b64144ccf1df_6.0.19041.1110_none_60b5254171f9507e\COMCTL32.dll
0x00007ffbdd330000 - 0x00007ffbdd352000 	C:\WINDOWS\System32\win32u.dll
0x00007ffbdefe0000 - 0x00007ffbdf07e000 	C:\WINDOWS\System32\msvcrt.dll
0x00007ffbded10000 - 0x00007ffbded3b000 	C:\WINDOWS\System32\GDI32.dll
0x00007ffbdd520000 - 0x00007ffbdd62b000 	C:\WINDOWS\System32\gdi32full.dll
0x00007ffbdcf90000 - 0x00007ffbdd02d000 	C:\WINDOWS\System32\msvcp_win.dll
0x00007ffbdd8c0000 - 0x00007ffbdd8f0000 	C:\WINDOWS\System32\IMM32.DLL
0x00007ffbb7300000 - 0x00007ffbb739b000 	C:\Program Files\Zulu\zulu-11\bin\msvcp140.dll
0x00007ffb77190000 - 0x00007ffb77cf4000 	C:\Program Files\Zulu\zulu-11\bin\server\jvm.dll
0x00007ffbdeb70000 - 0x00007ffbdec1c000 	C:\WINDOWS\System32\ADVAPI32.dll
0x00007ffbdef40000 - 0x00007ffbdefdb000 	C:\WINDOWS\System32\sechost.dll
0x00007ffbdee10000 - 0x00007ffbdef3a000 	C:\WINDOWS\System32\RPCRT4.dll
0x00007ffbded00000 - 0x00007ffbded08000 	C:\WINDOWS\System32\PSAPI.DLL
0x00007ffbcb6d0000 - 0x00007ffbcb6d9000 	C:\WINDOWS\SYSTEM32\WSOCK32.dll
0x00007ffbde950000 - 0x00007ffbde9bb000 	C:\WINDOWS\System32\WS2_32.dll
0x00007ffbd4a80000 - 0x00007ffbd4aa7000 	C:\WINDOWS\SYSTEM32\WINMM.dll
0x00007ffbd4d00000 - 0x00007ffbd4d0a000 	C:\WINDOWS\SYSTEM32\VERSION.dll
0x00007ffbdaeb0000 - 0x00007ffbdaec2000 	C:\WINDOWS\SYSTEM32\kernel.appcore.dll
0x00007ffbd2810000 - 0x00007ffbd2820000 	C:\Program Files\Zulu\zulu-11\bin\verify.dll
0x00007ffbd6870000 - 0x00007ffbd6a54000 	C:\WINDOWS\SYSTEM32\DBGHELP.DLL
0x00007ffbc7450000 - 0x00007ffbc747c000 	C:\WINDOWS\SYSTEM32\dbgcore.DLL
0x00007ffbdd830000 - 0x00007ffbdd8b3000 	C:\WINDOWS\System32\bcryptPrimitives.dll
0x00007ffbbde60000 - 0x00007ffbbde88000 	C:\Program Files\Zulu\zulu-11\bin\java.dll
0x00007ffbce120000 - 0x00007ffbce12a000 	C:\Program Files\Zulu\zulu-11\bin\jimage.dll
0x00007ffbbe4b0000 - 0x00007ffbbe4c7000 	C:\Program Files\Zulu\zulu-11\bin\zip.dll
0x00007ffbddb90000 - 0x00007ffbde2cf000 	C:\WINDOWS\System32\SHELL32.dll
0x00007ffbdb0b0000 - 0x00007ffbdb840000 	C:\WINDOWS\SYSTEM32\windows.storage.dll
0x00007ffbde5f0000 - 0x00007ffbde945000 	C:\WINDOWS\System32\combase.dll
0x00007ffbdc9e0000 - 0x00007ffbdca0c000 	C:\WINDOWS\SYSTEM32\Wldp.dll
0x00007ffbdf0a0000 - 0x00007ffbdf14e000 	C:\WINDOWS\System32\SHCORE.dll
0x00007ffbde2e0000 - 0x00007ffbde335000 	C:\WINDOWS\System32\shlwapi.dll
0x00007ffbdced0000 - 0x00007ffbdceef000 	C:\WINDOWS\SYSTEM32\profapi.dll
0x00007ffbbcb70000 - 0x00007ffbbcb89000 	C:\Program Files\Zulu\zulu-11\bin\net.dll
0x00007ffbcf3a0000 - 0x00007ffbcf4a8000 	C:\WINDOWS\SYSTEM32\WINHTTP.dll
0x00007ffbdc740000 - 0x00007ffbdc7aa000 	C:\WINDOWS\system32\mswsock.dll
0x00007ffbbc330000 - 0x00007ffbbc342000 	C:\Program Files\Zulu\zulu-11\bin\nio.dll
0x00007ffbcdd70000 - 0x00007ffbcdd79000 	C:\Program Files\Zulu\zulu-11\bin\management.dll
0x00007ffbcdd20000 - 0x00007ffbcdd2b000 	C:\Program Files\Zulu\zulu-11\bin\management_ext.dll
0x00007ffbce5d0000 - 0x00007ffbce5e7000 	C:\WINDOWS\system32\napinsp.dll
0x00007ffbcea80000 - 0x00007ffbcea9b000 	C:\WINDOWS\system32\pnrpnsp.dll
0x00007ffbbb2d0000 - 0x00007ffbbb2e5000 	C:\WINDOWS\system32\wshbth.dll
0x00007ffbd8d60000 - 0x00007ffbd8d7d000 	C:\WINDOWS\system32\NLAapi.dll
0x00007ffbdc3e0000 - 0x00007ffbdc41b000 	C:\WINDOWS\SYSTEM32\IPHLPAPI.DLL
0x00007ffbdc430000 - 0x00007ffbdc4fc000 	C:\WINDOWS\SYSTEM32\DNSAPI.dll
0x00007ffbde2d0000 - 0x00007ffbde2d8000 	C:\WINDOWS\System32\NSI.dll
0x00007ffbcef50000 - 0x00007ffbcef62000 	C:\WINDOWS\System32\winrnr.dll
0x00007ffbcc6d0000 - 0x00007ffbcc6da000 	C:\Windows\System32\rasadhlp.dll
0x00007ffbcc900000 - 0x00007ffbcc97f000 	C:\WINDOWS\System32\fwpuclnt.dll
0x00007ffbdd030000 - 0x00007ffbdd057000 	C:\WINDOWS\System32\bcrypt.dll

dbghelp: loaded successfully - version: 4.0.5 - missing functions: none
symbol engine: initialized successfully - sym options: 0x614 - pdb path: .;C:\Program Files\Zulu\zulu-11\bin;C:\WINDOWS\SYSTEM32;C:\WINDOWS\WinSxS\amd64_microsoft.windows.common-controls_6595b64144ccf1df_6.0.19041.1110_none_60b5254171f9507e;C:\Program Files\Zulu\zulu-11\bin\server

VM Arguments:
jvm_args: -Xverify:none -XX:TieredStopAtLevel=1 -Dfile.encoding=windows-1252 -Duser.country=US -Duser.language=en -Duser.variant 
java_command: com.hyphenated.scotus.ScotusTrackerApplicationKt
java_class_path (initial): C:\Users\Jacob\Code\scotus-server\build\classes\java\main;C:\Users\Jacob\Code\scotus-server\build\classes\kotlin\main;C:\Users\Jacob\Code\scotus-server\build\resources\main;C:\Users\Jacob\.gradle\caches\modules-2\files-2.1\org.springframework.boot\spring-boot-devtools\2.5.5\cd4c92b6039cad49b9586b668e905e430d3b3dac\spring-boot-devtools-2.5.5.jar;C:\Users\Jacob\.gradle\caches\modules-2\files-2.1\org.springframework.boot\spring-boot-actuator-autoconfigure\2.5.5\f5b9d034f74528eb503fbd768170220ab48e4f4c\spring-boot-actuator-autoconfigure-2.5.5.jar;C:\Users\Jacob\.gradle\caches\modules-2\files-2.1\org.springframework.data\spring-data-elasticsearch\4.2.5\fd4943423ce0984fc2f2a309ba565d6e1e6c2563\spring-data-elasticsearch-4.2.5.jar;C:\Users\Jacob\.gradle\caches\modules-2\files-2.1\com.fasterxml.jackson.datatype\jackson-datatype-jsr310\2.12.5\a0a9870b681a72789c5c6bdc380e45ab719c6aa3\jackson-datatype-jsr310-2.12.5.jar;C:\Users\Jacob\.gradle\caches\modules-2\files-2.1\com.fasterxml.jackson.datatype\jackson-datatype-jdk8\2.12.5\6b2f79547d217ad50dfc5b57af7444a3aa583b43\jackson-datatype-jdk8-2.12.5.jar;C:\Users\Jacob\.gradle\caches\modules-2\files-2.1\com.fasterxml.jackson.module\jackson-module-parameter-names\2.12.5\2c85c2036d0851425a260c01eb5f7ddbed1eeb00\jackson-module-parameter-names-2.12.5.jar;C:\Users\Jacob\.gradle\caches\modules-2\files-2.1\com.fasterxml.jackson.core\jackson-databind\2.12.5\b064cf057f23d3d35390328c5030847efeffedde\jackson-databind-2.12.5.jar;C:\Users\Jacob\.gradle\caches\modules-2\files-2.1\com.fasterxml.jackson.core\jackson-annotations\2.12.5\52d929d5bb21d0186fe24c09624cc3ee4bafc3b3\jackson-annotations-2.12.5.jar;C:\Users\Jacob\.gradle\caches\modules-2\files-2.1\org.elasticsearch.client\elasticsearch-rest-high-level-client\7.12.1\431ba570a0ac41625ca3a60331346c14e6790c8b\elasticsearch-rest-high-level-client-7.12.1.jar;C:\Users\Jacob\.gradle\caches\modules-2\files-2.1\org.elasticsearch\elasticsearch\7.12.1\738954413378dc1936bfc39
Launcher Type: SUN_STANDARD

[Global flags]
     bool BytecodeVerificationLocal                = false                                     {product} {command line}
     bool BytecodeVerificationRemote               = false                                     {product} {command line}
     intx CICompilerCount                          = 4                                         {product} {ergonomic}
     uint ConcGCThreads                            = 2                                         {product} {ergonomic}
     uint G1ConcRefinementThreads                  = 8                                         {product} {ergonomic}
   size_t G1HeapRegionSize                         = 1048576                                   {product} {ergonomic}
    uintx GCDrainStackTargetSize                   = 64                                        {product} {ergonomic}
   size_t InitialHeapSize                          = 266338304                                 {product} {ergonomic}
   size_t MarkStackSize                            = 4194304                                   {product} {ergonomic}
   size_t MaxHeapSize                              = 4259315712                                {product} {ergonomic}
   size_t MaxNewSize                               = 2555379712                                {product} {ergonomic}
   size_t MinHeapDeltaBytes                        = 1048576                                   {product} {ergonomic}
    uintx NonNMethodCodeHeapSize                   = 7549744                                {pd product} {ergonomic}
    uintx NonProfiledCodeHeapSize                  = 244108496                              {pd product} {ergonomic}
    uintx ProfiledCodeHeapSize                     = 0                                      {pd product} {ergonomic}
    uintx ReservedCodeCacheSize                    = 251658240                              {pd product} {ergonomic}
     bool SegmentedCodeCache                       = true                                      {product} {ergonomic}
     intx TieredStopAtLevel                        = 1                                         {product} {command line}
     bool UseCompressedClassPointers               = true                                 {lp64_product} {ergonomic}
     bool UseCompressedOops                        = true                                 {lp64_product} {ergonomic}
     bool UseG1GC                                  = true                                      {product} {ergonomic}
     bool UseLargePagesIndividualAllocation        = false                                  {pd product} {ergonomic}

Logging:
Log output configuration:
 #0: stdout all=warning uptime,level,tags
 #1: stderr all=off uptime,level,tags

Environment Variables:
JAVA_HOME=C:\Program Files\Zulu\zulu-11\
PATH=C:\Program Files\Zulu\zulu-11\bin\;C:\Python39\Scripts\;C:\Python39\;C:\ProgramData\Oracle\Java\javapath;C:\WINDOWS\system32;C:\WINDOWS;C:\WINDOWS\System32\Wbem;C:\WINDOWS\System32\WindowsPowerShell\v1.0\;C:\Program Files (x86)\ATI Technologies\ATI.ACE\Core-Static;C:\Program Files (x86)\AMD\ATI.ACE\Core-Static;C:\Users\Jacob\Software\apache-maven-3.2.5\bin;C:\Program Files\Zulu\zulu-11\;C:\Program Files (x86)\WinMerge;C:\Program Files (x86)\Skype\Phone\;C:\WINDOWS\System32\OpenSSH\;C:\Program Files\nodejs\;C:\ProgramData\chocolatey\bin;C:\Users\Jacob\.babun;C:\Users\Jacob\AppData\Local\Microsoft\WindowsApps;C:\Program Files (x86)\FAHClient;C:\Users\Jacob\AppData\Roaming\npm;C:\Users\Jacob\AppData\Local\Programs\Microsoft VS Code\bin
USERNAME=Jacob
OS=Windows_NT
PROCESSOR_IDENTIFIER=Intel64 Family 6 Model 60 Stepping 3, GenuineIntel



---------------  S Y S T E M  ---------------

OS: Windows 10 , 64 bit Build 19041 (10.0.19041.1202)
OS uptime: 8 days 18:16 hours

CPU:total 8 (initial active 8) (4 cores per cpu, 2 threads per core) family 6 model 60 stepping 3 microcode 0x27, cmov, cx8, fxsr, mmx, sse, sse2, sse3, ssse3, sse4.1, sse4.2, popcnt, avx, avx2, aes, clmul, erms, lzcnt, ht, tsc, tscinvbit, bmi1, bmi2, fma

Memory: 4k page, system-wide physical 16245M (5404M free)
TotalPageFile size 17269M (AvailPageFile size 3M)
current process WorkingSet (physical memory assigned to process): 161M, peak: 161M
current process commit charge ("private bytes"): 358M, peak: 359M

vm_info: OpenJDK 64-Bit Server VM (11.0.12+7-LTS) for windows-amd64 JRE (Zulu11.50+19-CA) (11.0.12+7-LTS), built on Jul 12 2021 10:57:42 by "zulu_re" with MS VC++ 15.9 (VS2017)

END.
